[28-Jan-2024 15:04:38 Europe/Berlin] Hello, errors! E_USER_ERROR 256: Пользовательская ошибка! Error in str 29 в C:\xampp\htdocs\projects-2023\errors\index.php

[28-Jan-2024 15:05:31 Europe/Berlin] Hello, errors! E_USER_ERROR 256: Пользовательская ошибка! Error in str 29 в C:\xampp\htdocs\projects-2023\errors\index.php

[28-Jan-2024 15:31:42 Europe/Berlin] Errors!ErrorException: filemtime(): stat failed for spoon in C:\xampp\htdocs\projects-2023\errors\index.php:116
Stack trace:
#0 [internal function]: myErrorHandler(2, 'filemtime(): st...', 'C:\\xampp\\htdocs...', 116)
#1 C:\xampp\htdocs\projects-2023\errors\index.php(116): filemtime('spoon')
#2 {main}
[28-Jan-2024 15:34:58 Europe/Berlin] PHP Fatal error:  Uncaught ArgumentCountError: strpos() expects at least 2 arguments, 0 given in C:\xampp\htdocs\projects-2023\errors\index.php:116
Stack trace:
#0 C:\xampp\htdocs\projects-2023\errors\index.php(116): strpos()
#1 {main}
  thrown in C:\xampp\htdocs\projects-2023\errors\index.php on line 116
[28-Jan-2024 15:37:08 Europe/Berlin] Errors!ErrorException: filemtime(): stat failed for spoon in C:\xampp\htdocs\projects-2023\errors\index.php:116
Stack trace:
#0 [internal function]: myErrorHandler(2, 'filemtime(): st...', 'C:\\xampp\\htdocs...', 116)
#1 C:\xampp\htdocs\projects-2023\errors\index.php(116): filemtime('spoon')
#2 {main}
[28-Jan-2024 15:37:31 Europe/Berlin] Errors!ErrorException: filemtime(): stat failed for spoon in C:\xampp\htdocs\projects-2023\errors\index.php:116
Stack trace:
#0 [internal function]: myErrorHandler(2, 'filemtime(): st...', 'C:\\xampp\\htdocs...', 116)
#1 C:\xampp\htdocs\projects-2023\errors\index.php(116): filemtime('spoon')
#2 {main}
[28-Jan-2024 16:11:44 Europe/Berlin] Errors!ErrorException: filemtime(): stat failed for spoon in C:\xampp\htdocs\projects-2023\errors\index.php:99
Stack trace:
#0 [internal function]: myErrorHandler(2, 'filemtime(): st...', 'C:\\xampp\\htdocs...', 99)
#1 C:\xampp\htdocs\projects-2023\errors\index.php(99): filemtime('spoon')
#2 {main}
[28-Jan-2024 16:12:06 Europe/Berlin] Errors!ErrorException: filemtime(): stat failed for spoon in C:\xampp\htdocs\projects-2023\errors\index.php:99
Stack trace:
#0 [internal function]: myErrorHandler(2, 'filemtime(): st...', 'C:\\xampp\\htdocs...', 99)
#1 C:\xampp\htdocs\projects-2023\errors\index.php(99): filemtime('spoon')
#2 {main}
[28-Jan-2024 16:12:54 Europe/Berlin] Errors!ErrorException: filemtime(): stat failed for spoon in C:\xampp\htdocs\projects-2023\errors\index.php:99
Stack trace:
#0 [internal function]: myErrorHandler(2, 'filemtime(): st...', 'C:\\xampp\\htdocs...', 99)
#1 C:\xampp\htdocs\projects-2023\errors\index.php(99): filemtime('spoon')
#2 {main}
[28-Jan-2024 16:13:09 Europe/Berlin] Errors!ErrorException: filemtime(): stat failed for spoon in C:\xampp\htdocs\projects-2023\errors\index.php:99
Stack trace:
#0 [internal function]: myErrorHandler(2, 'filemtime(): st...', 'C:\\xampp\\htdocs...', 99)
#1 C:\xampp\htdocs\projects-2023\errors\index.php(99): filemtime('spoon')
#2 {main}
